#
# There is insufficient memory for the Java Runtime Environment to continue.
# Native memory allocation (malloc) failed to allocate 388496 bytes. Error detail: Chunk::new
# Possible reasons:
#   The system is out of physical RAM or swap space
#   This process is running with CompressedOops enabled, and the Java Heap may be blocking the growth of the native heap
# Possible solutions:
#   Reduce memory load on the system
#   Increase physical memory or swap space
#   Check if swap backing store is full
#   Decrease Java heap size (-Xmx/-Xms)
#   Decrease number of Java threads
#   Decrease Java thread stack sizes (-Xss)
#   Set larger code cache with -XX:ReservedCodeCacheSize=
#   JVM is running with Unscaled Compressed Oops mode in which the Java heap is
#     placed in the first 4GB address space. The Java Heap base address is the
#     maximum limit for the native heap growth. Please use -XX:HeapBaseMinAddress
#     to set the Java Heap base and to place the Java Heap above 4GB virtual address.
# This output file may be truncated or incomplete.
#
#  Out of Memory Error (arena.cpp:168), pid=11084, tid=3244
#
# JRE version: OpenJDK Runtime Environment Zulu21.34+19-CA (21.0.3+9) (build 21.0.3+9-LTS)
# Java VM: OpenJDK 64-Bit Server VM Zulu21.34+19-CA (21.0.3+9-LTS, mixed mode, sharing, tiered, compressed oops, compressed class ptrs, g1 gc, windows-amd64)
# No core dump will be written. Minidumps are not enabled by default on client versions of Windows
#

---------------  S U M M A R Y ------------

Command Line: io.qameta.allure.CommandLine generate allure-results --clean

Host: 11th Gen Intel(R) Core(TM) i3-1115G4 @ 3.00GHz, 4 cores, 7G,  Windows 10 , 64 bit Build 19041 (10.0.19041.4597)
Time: Wed Jul 17 21:37:39 2024 RTZ 2 (s 10 , 64 bit Build 19041 (10.0.19041.4597) elapsed time: 2.244670 seconds (0d 0h 0m 2s)

---------------  T H R E A D  ---------------

Current thread (0x000002097edacbb0):  JavaThread "C2 CompilerThread0" daemon [_thread_in_native, id=3244, stack(0x000000d501200000,0x000000d501300000) (1024K)]


Current CompileTask:
C2:   2244 2160       4       jdk.internal.org.objectweb.asm.Frame::execute (2305 bytes)

Stack: [0x000000d501200000,0x000000d501300000]
Native frames: (J=compiled Java code, j=interpreted, Vv=VM code, C=native code)
V  [jvm.dll+0x6d3919]
V  [jvm.dll+0x8ae6d1]
V  [jvm.dll+0x8b0a3e]
V  [jvm.dll+0x8b1123]
V  [jvm.dll+0x286316]
V  [jvm.dll+0xc5acd]
V  [jvm.dll+0xc6003]
V  [jvm.dll+0x3bc0c2]
V  [jvm.dll+0x388475]
V  [jvm.dll+0x3878ea]
V  [jvm.dll+0x24b080]
V  [jvm.dll+0x24a661]
V  [jvm.dll+0x1ca404]
V  [jvm.dll+0x259d99]
V  [jvm.dll+0x25831a]
V  [jvm.dll+0x3f6236]
V  [jvm.dll+0x857848]
V  [jvm.dll+0x6d206d]
C  [ucrtbase.dll+0x21bb2]
C  [KERNEL32.DLL+0x17374]
C  [ntdll.dll+0x4cc91]


---------------  P R O C E S S  ---------------

Threads class SMR info:
_java_thread_list=0x00000209472a1740, length=14, elements={
0x0000020964a43200, 0x000002097ed9dc40, 0x000002097ed9ee00, 0x000002097eda1b70,
0x000002097eda5da0, 0x000002097eda6410, 0x000002097eda71e0, 0x000002097edacbb0,
0x000002097edb0280, 0x000002097f007b10, 0x000002097f00e710, 0x0000020947296690,
0x0000020947296d00, 0x0000020947272c70
}

Java Threads: ( => current thread )
  0x0000020964a43200 JavaThread "main"                              [_thread_in_vm, id=9788, stack(0x000000d500400000,0x000000d500500000) (1024K)]
  0x000002097ed9dc40 JavaThread "Reference Handler"          daemon [_thread_blocked, id=11248, stack(0x000000d500c00000,0x000000d500d00000) (1024K)]
  0x000002097ed9ee00 JavaThread "Finalizer"                  daemon [_thread_blocked, id=3616, stack(0x000000d500d00000,0x000000d500e00000) (1024K)]
  0x000002097eda1b70 JavaThread "Signal Dispatcher"          daemon [_thread_blocked, id=3704, stack(0x000000d500e00000,0x000000d500f00000) (1024K)]
  0x000002097eda5da0 JavaThread "Attach Listener"            daemon [_thread_blocked, id=3148, stack(0x000000d500f00000,0x000000d501000000) (1024K)]
  0x000002097eda6410 JavaThread "Service Thread"             daemon [_thread_blocked, id=440, stack(0x000000d501000000,0x000000d501100000) (1024K)]
  0x000002097eda71e0 JavaThread "Monitor Deflation Thread"   daemon [_thread_blocked, id=9468, stack(0x000000d501100000,0x000000d501200000) (1024K)]
=>0x000002097edacbb0 JavaThread "C2 CompilerThread0"         daemon [_thread_in_native, id=3244, stack(0x000000d501200000,0x000000d501300000) (1024K)]
  0x000002097edb0280 JavaThread "C1 CompilerThread0"         daemon [_thread_blocked, id=13300, stack(0x000000d501300000,0x000000d501400000) (1024K)]
  0x000002097f007b10 JavaThread "Notification Thread"        daemon [_thread_blocked, id=10604, stack(0x000000d501400000,0x000000d501500000) (1024K)]
  0x000002097f00e710 JavaThread "Common-Cleaner"             daemon [_thread_blocked, id=1072, stack(0x000000d501500000,0x000000d501600000) (1024K)]
  0x0000020947296690 JavaThread "ForkJoinPool.commonPool-worker-1" daemon [_thread_blocked, id=6100, stack(0x000000d501a00000,0x000000d501b00000) (1024K)]
  0x0000020947296d00 JavaThread "ForkJoinPool.commonPool-worker-2" daemon [_thread_blocked, id=10912, stack(0x000000d501b00000,0x000000d501c00000) (1024K)]
  0x0000020947272c70 JavaThread "ForkJoinPool.commonPool-worker-3" daemon [_thread_blocked, id=8772, stack(0x000000d501c00000,0x000000d501d00000) (1024K)]
Total: 14

Other Threads:
  0x000002097ed7dcc0 VMThread "VM Thread"                           [id=3480, stack(0x000000d500b00000,0x000000d500c00000) (1024K)]
  0x000002097ed65fc0 WatcherThread "VM Periodic Task Thread"        [id=5676, stack(0x000000d500a00000,0x000000d500b00000) (1024K)]
  0x0000020964a93620 WorkerThread "GC Thread#0"                     [id=3568, stack(0x000000d500500000,0x000000d500600000) (1024K)]
  0x000002097f589810 WorkerThread "GC Thread#1"                     [id=13224, stack(0x000000d501700000,0x000000d501800000) (1024K)]
  0x000002097f58a3d0 WorkerThread "GC Thread#2"                     [id=9312, stack(0x000000d501800000,0x000000d501900000) (1024K)]
  0x000002097f77b660 WorkerThread "GC Thread#3"                     [id=10936, stack(0x000000d501900000,0x000000d501a00000) (1024K)]
  0x0000020964aa3f50 ConcurrentGCThread "G1 Main Marker"            [id=5540, stack(0x000000d500600000,0x000000d500700000) (1024K)]
  0x0000020964aa4c10 WorkerThread "G1 Conc#0"                       [id=2196, stack(0x000000d500700000,0x000000d500800000) (1024K)]
  0x0000020964b0e640 ConcurrentGCThread "G1 Refine#0"               [id=11688, stack(0x000000d500800000,0x000000d500900000) (1024K)]
  0x000002097ec39340 ConcurrentGCThread "G1 Service"                [id=4888, stack(0x000000d500900000,0x000000d500a00000) (1024K)]
Total: 10

Threads with active compile tasks:
C2 CompilerThread0     2256 2160       4       jdk.internal.org.objectweb.asm.Frame::execute (2305 bytes)
Total: 1

VM state: not at safepoint (normal execution)

VM Mutex/Monitor currently owned by a thread:  ([mutex/lock_event])
[0x00007ff84b5d18c8] Metaspace_lock - owner thread: 0x0000020964a43200

Heap address: 0x0000000083600000, size: 1994 MB, Compressed Oops mode: 32-bit

CDS archive(s) mapped at: [0x0000020902000000-0x0000020902cf0000-0x0000020902cf0000), size 13565952, SharedBaseAddress: 0x0000020902000000, ArchiveRelocationMode: 1.
Compressed class space mapped at: 0x0000020903000000-0x0000020943000000, reserved size: 1073741824
Narrow klass base: 0x0000020902000000, Narrow klass shift: 0, Narrow klass range: 0x100000000

GC Precious Log:
 CardTable entry size: 512
 Card Set container configuration: InlinePtr #cards 5 size 8 Array Of Cards #cards 12 size 40 Howl #buckets 4 coarsen threshold 1843 Howl Bitmap #cards 512 size 80 coarsen threshold 460 Card regions per heap region 1 cards per card region 2048
 CPUs: 4 total, 4 available
 Memory: 7971M
 Large Page Support: Disabled
 NUMA Support: Disabled
 Compressed Oops: Enabled (32-bit)
 Heap Region Size: 1M
 Heap Min Capacity: 8M
 Heap Initial Capacity: 126M
 Heap Max Capacity: 1994M
 Pre-touch: Disabled
 Parallel Workers: 4
 Concurrent Workers: 1
 Concurrent Refinement Workers: 4
 Periodic GC: Disabled

Heap:
 garbage-first heap   total 129024K, used 26129K [0x0000000083600000, 0x0000000100000000)
  region size 1024K, 24 young (24576K), 2 survivors (2048K)
 Metaspace       used 16890K, committed 17088K, reserved 1114112K
  class space    used 1944K, committed 2048K, reserved 1048576K

Heap Regions: E=young(eden), S=young(survivor), O=old, HS=humongous(starts), HC=humongous(continues), CS=collection set, F=free, TAMS=top-at-mark-start, PB=parsable bottom
|   0|0x0000000083600000, 0x0000000083700000, 0x0000000083700000|100%| O|  |TAMS 0x0000000083600000| PB 0x0000000083600000| Untracked 
|   1|0x0000000083700000, 0x0000000083800000, 0x0000000083800000|100%| O|  |TAMS 0x0000000083700000| PB 0x0000000083700000| Untracked 
|   2|0x0000000083800000, 0x0000000083900000, 0x0000000083900000|100%| O|  |TAMS 0x0000000083800000| PB 0x0000000083800000| Untracked 
|   3|0x0000000083900000, 0x0000000083a00000, 0x0000000083a00000|100%| O|  |TAMS 0x0000000083900000| PB 0x0000000083900000| Untracked 
|   4|0x0000000083a00000, 0x0000000083a00000, 0x0000000083b00000|  0%| F|  |TAMS 0x0000000083a00000| PB 0x0000000083a00000| Untracked 
|   5|0x0000000083b00000, 0x0000000083b00000, 0x0000000083c00000|  0%| F|  |TAMS 0x0000000083b00000| PB 0x0000000083b00000| Untracked 
|   6|0x0000000083c00000, 0x0000000083c00000, 0x0000000083d00000|  0%| F|  |TAMS 0x0000000083c00000| PB 0x0000000083c00000| Untracked 
|   7|0x0000000083d00000, 0x0000000083d00000, 0x0000000083e00000|  0%| F|  |TAMS 0x0000000083d00000| PB 0x0000000083d00000| Untracked 
|   8|0x0000000083e00000, 0x0000000083e00000, 0x0000000083f00000|  0%| F|  |TAMS 0x0000000083e00000| PB 0x0000000083e00000| Untracked 
|   9|0x0000000083f00000, 0x0000000083f00000, 0x0000000084000000|  0%| F|  |TAMS 0x0000000083f00000| PB 0x0000000083f00000| Untracked 
|  10|0x0000000084000000, 0x0000000084000000, 0x0000000084100000|  0%| F|  |TAMS 0x0000000084000000| PB 0x0000000084000000| Untracked 
|  11|0x0000000084100000, 0x0000000084100000, 0x0000000084200000|  0%| F|  |TAMS 0x0000000084100000| PB 0x0000000084100000| Untracked 
|  12|0x0000000084200000, 0x0000000084200000, 0x0000000084300000|  0%| F|  |TAMS 0x0000000084200000| PB 0x0000000084200000| Untracked 
|  13|0x0000000084300000, 0x0000000084300000, 0x0000000084400000|  0%| F|  |TAMS 0x0000000084300000| PB 0x0000000084300000| Untracked 
|  14|0x0000000084400000, 0x0000000084400000, 0x0000000084500000|  0%| F|  |TAMS 0x0000000084400000| PB 0x0000000084400000| Untracked 
|  15|0x0000000084500000, 0x0000000084500000, 0x0000000084600000|  0%| F|  |TAMS 0x0000000084500000| PB 0x0000000084500000| Untracked 
|  16|0x0000000084600000, 0x0000000084600000, 0x0000000084700000|  0%| F|  |TAMS 0x0000000084600000| PB 0x0000000084600000| Untracked 
|  17|0x0000000084700000, 0x0000000084700000, 0x0000000084800000|  0%| F|  |TAMS 0x0000000084700000| PB 0x0000000084700000| Untracked 
|  18|0x0000000084800000, 0x0000000084800000, 0x0000000084900000|  0%| F|  |TAMS 0x0000000084800000| PB 0x0000000084800000| Untracked 
|  19|0x0000000084900000, 0x0000000084900000, 0x0000000084a00000|  0%| F|  |TAMS 0x0000000084900000| PB 0x0000000084900000| Untracked 
|  20|0x0000000084a00000, 0x0000000084a00000, 0x0000000084b00000|  0%| F|  |TAMS 0x0000000084a00000| PB 0x0000000084a00000| Untracked 
|  21|0x0000000084b00000, 0x0000000084b00000, 0x0000000084c00000|  0%| F|  |TAMS 0x0000000084b00000| PB 0x0000000084b00000| Untracked 
|  22|0x0000000084c00000, 0x0000000084c00000, 0x0000000084d00000|  0%| F|  |TAMS 0x0000000084c00000| PB 0x0000000084c00000| Untracked 
|  23|0x0000000084d00000, 0x0000000084d00000, 0x0000000084e00000|  0%| F|  |TAMS 0x0000000084d00000| PB 0x0000000084d00000| Untracked 
|  24|0x0000000084e00000, 0x0000000084e00000, 0x0000000084f00000|  0%| F|  |TAMS 0x0000000084e00000| PB 0x0000000084e00000| Untracked 
|  25|0x0000000084f00000, 0x0000000084f00000, 0x0000000085000000|  0%| F|  |TAMS 0x0000000084f00000| PB 0x0000000084f00000| Untracked 
|  26|0x0000000085000000, 0x0000000085000000, 0x0000000085100000|  0%| F|  |TAMS 0x0000000085000000| PB 0x0000000085000000| Untracked 
|  27|0x0000000085100000, 0x0000000085100000, 0x0000000085200000|  0%| F|  |TAMS 0x0000000085100000| PB 0x0000000085100000| Untracked 
|  28|0x0000000085200000, 0x0000000085200000, 0x0000000085300000|  0%| F|  |TAMS 0x0000000085200000| PB 0x0000000085200000| Untracked 
|  29|0x0000000085300000, 0x0000000085300000, 0x0000000085400000|  0%| F|  |TAMS 0x0000000085300000| PB 0x0000000085300000| Untracked 
|  30|0x0000000085400000, 0x0000000085400000, 0x0000000085500000|  0%| F|  |TAMS 0x0000000085400000| PB 0x0000000085400000| Untracked 
|  31|0x0000000085500000, 0x0000000085500000, 0x0000000085600000|  0%| F|  |TAMS 0x0000000085500000| PB 0x0000000085500000| Untracked 
|  32|0x0000000085600000, 0x0000000085600000, 0x0000000085700000|  0%| F|  |TAMS 0x0000000085600000| PB 0x0000000085600000| Untracked 
|  33|0x0000000085700000, 0x0000000085700000, 0x0000000085800000|  0%| F|  |TAMS 0x0000000085700000| PB 0x0000000085700000| Untracked 
|  34|0x0000000085800000, 0x0000000085800000, 0x0000000085900000|  0%| F|  |TAMS 0x0000000085800000| PB 0x0000000085800000| Untracked 
|  35|0x0000000085900000, 0x0000000085900000, 0x0000000085a00000|  0%| F|  |TAMS 0x0000000085900000| PB 0x0000000085900000| Untracked 
|  36|0x0000000085a00000, 0x0000000085a00000, 0x0000000085b00000|  0%| F|  |TAMS 0x0000000085a00000| PB 0x0000000085a00000| Untracked 
|  37|0x0000000085b00000, 0x0000000085b00000, 0x0000000085c00000|  0%| F|  |TAMS 0x0000000085b00000| PB 0x0000000085b00000| Untracked 
|  38|0x0000000085c00000, 0x0000000085c00000, 0x0000000085d00000|  0%| F|  |TAMS 0x0000000085c00000| PB 0x0000000085c00000| Untracked 
|  39|0x0000000085d00000, 0x0000000085d00000, 0x0000000085e00000|  0%| F|  |TAMS 0x0000000085d00000| PB 0x0000000085d00000| Untracked 
|  40|0x0000000085e00000, 0x0000000085e00000, 0x0000000085f00000|  0%| F|  |TAMS 0x0000000085e00000| PB 0x0000000085e00000| Untracked 
|  41|0x0000000085f00000, 0x0000000085f00000, 0x0000000086000000|  0%| F|  |TAMS 0x0000000085f00000| PB 0x0000000085f00000| Untracked 
|  42|0x0000000086000000, 0x0000000086000000, 0x0000000086100000|  0%| F|  |TAMS 0x0000000086000000| PB 0x0000000086000000| Untracked 
|  43|0x0000000086100000, 0x0000000086100000, 0x0000000086200000|  0%| F|  |TAMS 0x0000000086100000| PB 0x0000000086100000| Untracked 
|  44|0x0000000086200000, 0x0000000086200000, 0x0000000086300000|  0%| F|  |TAMS 0x0000000086200000| PB 0x0000000086200000| Untracked 
|  45|0x0000000086300000, 0x0000000086300000, 0x0000000086400000|  0%| F|  |TAMS 0x0000000086300000| PB 0x0000000086300000| Untracked 
|  46|0x0000000086400000, 0x0000000086400000, 0x0000000086500000|  0%| F|  |TAMS 0x0000000086400000| PB 0x0000000086400000| Untracked 
|  47|0x0000000086500000, 0x0000000086500000, 0x0000000086600000|  0%| F|  |TAMS 0x0000000086500000| PB 0x0000000086500000| Untracked 
|  48|0x0000000086600000, 0x0000000086600000, 0x0000000086700000|  0%| F|  |TAMS 0x0000000086600000| PB 0x0000000086600000| Untracked 
|  49|0x0000000086700000, 0x0000000086700000, 0x0000000086800000|  0%| F|  |TAMS 0x0000000086700000| PB 0x0000000086700000| Untracked 
|  50|0x0000000086800000, 0x0000000086800000, 0x0000000086900000|  0%| F|  |TAMS 0x0000000086800000| PB 0x0000000086800000| Untracked 
|  51|0x0000000086900000, 0x0000000086900000, 0x0000000086a00000|  0%| F|  |TAMS 0x0000000086900000| PB 0x0000000086900000| Untracked 
|  52|0x0000000086a00000, 0x0000000086a00000, 0x0000000086b00000|  0%| F|  |TAMS 0x0000000086a00000| PB 0x0000000086a00000| Untracked 
|  53|0x0000000086b00000, 0x0000000086b00000, 0x0000000086c00000|  0%| F|  |TAMS 0x0000000086b00000| PB 0x0000000086b00000| Untracked 
|  54|0x0000000086c00000, 0x0000000086c00000, 0x0000000086d00000|  0%| F|  |TAMS 0x0000000086c00000| PB 0x0000000086c00000| Untracked 
|  55|0x0000000086d00000, 0x0000000086d00000, 0x0000000086e00000|  0%| F|  |TAMS 0x0000000086d00000| PB 0x0000000086d00000| Untracked 
|  56|0x0000000086e00000, 0x0000000086e00000, 0x0000000086f00000|  0%| F|  |TAMS 0x0000000086e00000| PB 0x0000000086e00000| Untracked 
|  57|0x0000000086f00000, 0x0000000086f00000, 0x0000000087000000|  0%| F|  |TAMS 0x0000000086f00000| PB 0x0000000086f00000| Untracked 
|  58|0x0000000087000000, 0x0000000087000000, 0x0000000087100000|  0%| F|  |TAMS 0x0000000087000000| PB 0x0000000087000000| Untracked 
|  59|0x0000000087100000, 0x0000000087100000, 0x0000000087200000|  0%| F|  |TAMS 0x0000000087100000| PB 0x0000000087100000| Untracked 
|  60|0x0000000087200000, 0x0000000087200000, 0x0000000087300000|  0%| F|  |TAMS 0x0000000087200000| PB 0x0000000087200000| Untracked 
|  61|0x0000000087300000, 0x0000000087300000, 0x0000000087400000|  0%| F|  |TAMS 0x0000000087300000| PB 0x0000000087300000| Untracked 
|  62|0x0000000087400000, 0x0000000087400000, 0x0000000087500000|  0%| F|  |TAMS 0x0000000087400000| PB 0x0000000087400000| Untracked 
|  63|0x0000000087500000, 0x0000000087500000, 0x0000000087600000|  0%| F|  |TAMS 0x0000000087500000| PB 0x0000000087500000| Untracked 
|  64|0x0000000087600000, 0x0000000087600000, 0x0000000087700000|  0%| F|  |TAMS 0x0000000087600000| PB 0x0000000087600000| Untracked 
|  65|0x0000000087700000, 0x0000000087700000, 0x0000000087800000|  0%| F|  |TAMS 0x0000000087700000| PB 0x0000000087700000| Untracked 
|  66|0x0000000087800000, 0x0000000087800000, 0x0000000087900000|  0%| F|  |TAMS 0x0000000087800000| PB 0x0000000087800000| Untracked 
|  67|0x0000000087900000, 0x0000000087900000, 0x0000000087a00000|  0%| F|  |TAMS 0x0000000087900000| PB 0x0000000087900000| Untracked 
|  68|0x0000000087a00000, 0x0000000087a00000, 0x0000000087b00000|  0%| F|  |TAMS 0x0000000087a00000| PB 0x0000000087a00000| Untracked 
|  69|0x0000000087b00000, 0x0000000087b00000, 0x0000000087c00000|  0%| F|  |TAMS 0x0000000087b00000| PB 0x0000000087b00000| Untracked 
|  70|0x0000000087c00000, 0x0000000087c00000, 0x0000000087d00000|  0%| F|  |TAMS 0x0000000087c00000| PB 0x0000000087c00000| Untracked 
|  71|0x0000000087d00000, 0x0000000087d00000, 0x0000000087e00000|  0%| F|  |TAMS 0x0000000087d00000| PB 0x0000000087d00000| Untracked 
|  72|0x0000000087e00000, 0x0000000087e00000, 0x0000000087f00000|  0%| F|  |TAMS 0x0000000087e00000| PB 0x0000000087e00000| Untracked 
|  73|0x0000000087f00000, 0x0000000087f00000, 0x0000000088000000|  0%| F|  |TAMS 0x0000000087f00000| PB 0x0000000087f00000| Untracked 
|  74|0x0000000088000000, 0x0000000088000000, 0x0000000088100000|  0%| F|  |TAMS 0x0000000088000000| PB 0x0000000088000000| Untracked 
|  75|0x0000000088100000, 0x0000000088100000, 0x0000000088200000|  0%| F|  |TAMS 0x0000000088100000| PB 0x0000000088100000| Untracked 
|  76|0x0000000088200000, 0x0000000088200000, 0x0000000088300000|  0%| F|  |TAMS 0x0000000088200000| PB 0x0000000088200000| Untracked 
|  77|0x0000000088300000, 0x0000000088300000, 0x0000000088400000|  0%| F|  |TAMS 0x0000000088300000| PB 0x0000000088300000| Untracked 
|  78|0x0000000088400000, 0x0000000088400000, 0x0000000088500000|  0%| F|  |TAMS 0x0000000088400000| PB 0x0000000088400000| Untracked 
|  79|0x0000000088500000, 0x0000000088500000, 0x0000000088600000|  0%| F|  |TAMS 0x0000000088500000| PB 0x0000000088500000| Untracked 
|  80|0x0000000088600000, 0x0000000088600000, 0x0000000088700000|  0%| F|  |TAMS 0x0000000088600000| PB 0x0000000088600000| Untracked 
|  81|0x0000000088700000, 0x0000000088700000, 0x0000000088800000|  0%| F|  |TAMS 0x0000000088700000| PB 0x0000000088700000| Untracked 
|  82|0x0000000088800000, 0x0000000088800000, 0x0000000088900000|  0%| F|  |TAMS 0x0000000088800000| PB 0x0000000088800000| Untracked 
|  83|0x0000000088900000, 0x0000000088900000, 0x0000000088a00000|  0%| F|  |TAMS 0x0000000088900000| PB 0x0000000088900000| Untracked 
|  84|0x0000000088a00000, 0x0000000088a00000, 0x0000000088b00000|  0%| F|  |TAMS 0x0000000088a00000| PB 0x0000000088a00000| Untracked 
|  85|0x0000000088b00000, 0x0000000088b00000, 0x0000000088c00000|  0%| F|  |TAMS 0x0000000088b00000| PB 0x0000000088b00000| Untracked 
|  86|0x0000000088c00000, 0x0000000088c00000, 0x0000000088d00000|  0%| F|  |TAMS 0x0000000088c00000| PB 0x0000000088c00000| Untracked 
|  87|0x0000000088d00000, 0x0000000088d00000, 0x0000000088e00000|  0%| F|  |TAMS 0x0000000088d00000| PB 0x0000000088d00000| Untracked 
|  88|0x0000000088e00000, 0x0000000088e00000, 0x0000000088f00000|  0%| F|  |TAMS 0x0000000088e00000| PB 0x0000000088e00000| Untracked 
|  89|0x0000000088f00000, 0x0000000088f00000, 0x0000000089000000|  0%| F|  |TAMS 0x0000000088f00000| PB 0x0000000088f00000| Untracked 
|  90|0x0000000089000000, 0x0000000089000000, 0x0000000089100000|  0%| F|  |TAMS 0x0000000089000000| PB 0x0000000089000000| Untracked 
|  91|0x0000000089100000, 0x0000000089100000, 0x0000000089200000|  0%| F|  |TAMS 0x0000000089100000| PB 0x0000000089100000| Untracked 
|  92|0x0000000089200000, 0x0000000089200000, 0x0000000089300000|  0%| F|  |TAMS 0x0000000089200000| PB 0x0000000089200000| Untracked 
|  93|0x0000000089300000, 0x0000000089300000, 0x0000000089400000|  0%| F|  |TAMS 0x0000000089300000| PB 0x0000000089300000| Untracked 
|  94|0x0000000089400000, 0x0000000089400000, 0x0000000089500000|  0%| F|  |TAMS 0x0000000089400000| PB 0x0000000089400000| Untracked 
|  95|0x0000000089500000, 0x0000000089500000, 0x0000000089600000|  0%| F|  |TAMS 0x0000000089500000| PB 0x0000000089500000| Untracked 
|  96|0x0000000089600000, 0x0000000089600000, 0x0000000089700000|  0%| F|  |TAMS 0x0000000089600000| PB 0x0000000089600000| Untracked 
|  97|0x0000000089700000, 0x0000000089700000, 0x0000000089800000|  0%| F|  |TAMS 0x0000000089700000| PB 0x0000000089700000| Untracked 
|  98|0x0000000089800000, 0x0000000089800000, 0x0000000089900000|  0%| F|  |TAMS 0x0000000089800000| PB 0x0000000089800000| Untracked 
|  99|0x0000000089900000, 0x0000000089900000, 0x0000000089a00000|  0%| F|  |TAMS 0x0000000089900000| PB 0x0000000089900000| Untracked 
| 100|0x0000000089a00000, 0x0000000089a00000, 0x0000000089b00000|  0%| F|  |TAMS 0x0000000089a00000| PB 0x0000000089a00000| Untracked 
| 101|0x0000000089b00000, 0x0000000089b00000, 0x0000000089c00000|  0%| F|  |TAMS 0x0000000089b00000| PB 0x0000000089b00000| Untracked 
| 102|0x0000000089c00000, 0x0000000089cc7b88, 0x0000000089d00000| 78%| E|  |TAMS 0x0000000089c00000| PB 0x0000000089c00000| Complete 
| 103|0x0000000089d00000, 0x0000000089e00000, 0x0000000089e00000|100%| E|CS|TAMS 0x0000000089d00000| PB 0x0000000089d00000| Complete 
| 104|0x0000000089e00000, 0x0000000089f00000, 0x0000000089f00000|100%| E|CS|TAMS 0x0000000089e00000| PB 0x0000000089e00000| Complete 
| 105|0x0000000089f00000, 0x000000008a000000, 0x000000008a000000|100%| E|CS|TAMS 0x0000000089f00000| PB 0x0000000089f00000| Complete 
| 106|0x000000008a000000, 0x000000008a084570, 0x000000008a100000| 51%| S|CS|TAMS 0x000000008a000000| PB 0x000000008a000000| Complete 
| 107|0x000000008a100000, 0x000000008a200000, 0x000000008a200000|100%| S|CS|TAMS 0x000000008a100000| PB 0x000000008a100000| Complete 
| 108|0x000000008a200000, 0x000000008a300000, 0x000000008a300000|100%| E|CS|TAMS 0x000000008a200000| PB 0x000000008a200000| Complete 
| 109|0x000000008a300000, 0x000000008a400000, 0x000000008a400000|100%| E|CS|TAMS 0x000000008a300000| PB 0x000000008a300000| Complete 
| 110|0x000000008a400000, 0x000000008a500000, 0x000000008a500000|100%| E|CS|TAMS 0x000000008a400000| PB 0x000000008a400000| Complete 
| 111|0x000000008a500000, 0x000000008a600000, 0x000000008a600000|100%| E|CS|TAMS 0x000000008a500000| PB 0x000000008a500000| Complete 
| 112|0x000000008a600000, 0x000000008a700000, 0x000000008a700000|100%| E|CS|TAMS 0x000000008a600000| PB 0x000000008a600000| Complete 
| 113|0x000000008a700000, 0x000000008a800000, 0x000000008a800000|100%| E|CS|TAMS 0x000000008a700000| PB 0x000000008a700000| Complete 
| 114|0x000000008a800000, 0x000000008a900000, 0x000000008a900000|100%| E|CS|TAMS 0x000000008a800000| PB 0x000000008a800000| Complete 
| 115|0x000000008a900000, 0x000000008aa00000, 0x000000008aa00000|100%| E|CS|TAMS 0x000000008a900000| PB 0x000000008a900000| Complete 
| 116|0x000000008aa00000, 0x000000008ab00000, 0x000000008ab00000|100%| E|CS|TAMS 0x000000008aa00000| PB 0x000000008aa00000| Complete 
| 117|0x000000008ab00000, 0x000000008ac00000, 0x000000008ac00000|100%| E|CS|TAMS 0x000000008ab00000| PB 0x000000008ab00000| Complete 
| 118|0x000000008ac00000, 0x000000008ad00000, 0x000000008ad00000|100%| E|CS|TAMS 0x000000008ac00000| PB 0x000000008ac00000| Complete 
| 119|0x000000008ad00000, 0x000000008ae00000, 0x000000008ae00000|100%| E|CS|TAMS 0x000000008ad00000| PB 0x000000008ad00000| Complete 
| 120|0x000000008ae00000, 0x000000008af00000, 0x000000008af00000|100%| E|CS|TAMS 0x000000008ae00000| PB 0x000000008ae00000| Complete 
| 121|0x000000008af00000, 0x000000008b000000, 0x000000008b000000|100%| E|  |TAMS 0x000000008af00000| PB 0x000000008af00000| Complete 
| 122|0x000000008b000000, 0x000000008b100000, 0x000000008b100000|100%| E|CS|TAMS 0x000000008b000000| PB 0x000000008b000000| Complete 
| 123|0x000000008b100000, 0x000000008b200000, 0x000000008b200000|100%| E|CS|TAMS 0x000000008b100000| PB 0x000000008b100000| Complete 
| 124|0x000000008b200000, 0x000000008b300000, 0x000000008b300000|100%| E|CS|TAMS 0x000000008b200000| PB 0x000000008b200000| Complete 
| 125|0x000000008b300000, 0x000000008b400000, 0x000000008b400000|100%| E|CS|TAMS 0x000000008b300000| PB 0x000000008b300000| Complete 

Card table byte_map: [0x000002097c5d0000,0x000002097c9c0000] _byte_map_base: 0x000002097c1b5000

Marking Bits: (CMBitMap*) 0x0000020964a93d30
 Bits: [0x000002097c9c0000, 0x000002097e8e8000)

Polling page: 0x00000209628a0000

Metaspace:

Usage:
  Non-class:     14.60 MB used.
      Class:      1.90 MB used.
       Both:     16.49 MB used.

Virtual space:
  Non-class space:       64.00 MB reserved,      14.69 MB ( 23%) committed,  1 nodes.
      Class space:        1.00 GB reserved,       2.00 MB ( <1%) committed,  1 nodes.
             Both:        1.06 GB reserved,      16.69 MB (  2%) committed. 

Chunk freelists:
   Non-Class:  1.23 MB
       Class:  14.02 MB
        Both:  15.25 MB

MaxMetaspaceSize: unlimited
CompressedClassSpaceSize: 1.00 GB
Initial GC threshold: 21.00 MB
Current GC threshold: 21.00 MB
CDS: on
 - commit_granule_bytes: 65536.
 - commit_granule_words: 8192.
 - virtual_space_node_default_size: 8388608.
 - enlarge_chunks_in_place: 1.
 - use_allocation_guard: 0.


Internal statistics:

num_allocs_failed_limit: 0.
num_arena_births: 152.
num_arena_deaths: 0.
num_vsnodes_births: 2.
num_vsnodes_deaths: 0.
num_space_committed: 267.
num_space_uncommitted: 0.
num_chunks_returned_to_freelist: 0.
num_chunks_taken_from_freelist: 654.
num_chunk_merges: 0.
num_chunk_splits: 464.
num_chunks_enlarged: 384.
num_inconsistent_stats: 0.

CodeHeap 'non-profiled nmethods': size=120000Kb used=757Kb max_used=757Kb free=119242Kb
 bounds [0x0000020974cb0000, 0x0000020974f20000, 0x000002097c1e0000]
CodeHeap 'profiled nmethods': size=120000Kb used=4313Kb max_used=4313Kb free=115686Kb
 bounds [0x000002096d1e0000, 0x000002096d620000, 0x0000020974710000]
CodeHeap 'non-nmethods': size=5760Kb used=1611Kb max_used=1621Kb free=4148Kb
 bounds [0x0000020974710000, 0x0000020974980000, 0x0000020974cb0000]
 total_blobs=2706 nmethods=2168 adapters=442
 compilation: enabled
              stopped_count=0, restarted_count=0
 full_count=0

Compilation events (20 events):
Event: 2.225 Thread 0x000002097edb0280 nmethod 2155 0x000002096d60a410 code [0x000002096d60a620, 0x000002096d60aee8]
Event: 2.225 Thread 0x000002097edb0280 2156       3       java.lang.NamedPackage::<init> (59 bytes)
Event: 2.226 Thread 0x000002097edb0280 nmethod 2156 0x000002096d60b190 code [0x000002096d60b420, 0x000002096d60be68]
Event: 2.235 Thread 0x000002097edb0280 2157       3       java.util.HashMap::newHashMap (44 bytes)
Event: 2.236 Thread 0x000002097edb0280 nmethod 2157 0x000002096d60c290 code [0x000002096d60c520, 0x000002096d60cd08]
Event: 2.236 Thread 0x000002097edacbb0 2160       4       jdk.internal.org.objectweb.asm.Frame::execute (2305 bytes)
Event: 2.236 Thread 0x000002097edb0280 2159       3       jdk.internal.org.objectweb.asm.MethodWriter::putFrame (549 bytes)
Event: 2.237 Thread 0x000002097edb0280 nmethod 2159 0x000002096d60d090 code [0x000002096d60d520, 0x000002096d60f030]
Event: 2.237 Thread 0x000002097edb0280 2158       3       java.lang.invoke.MethodType::methodType (7 bytes)
Event: 2.237 Thread 0x000002097edb0280 nmethod 2158 0x000002096d60fc90 code [0x000002096d60fe40, 0x000002096d60ff60]
Event: 2.237 Thread 0x000002097edb0280 2161       3       sun.reflect.generics.tree.ClassTypeSignature::accept (8 bytes)
Event: 2.237 Thread 0x000002097edb0280 nmethod 2161 0x000002096d610010 code [0x000002096d6101c0, 0x000002096d610360]
Event: 2.237 Thread 0x000002097edb0280 2162       3       sun.reflect.generics.visitor.Reifier::visitClassTypeSignature (381 bytes)
Event: 2.238 Thread 0x000002097edb0280 nmethod 2162 0x000002096d610490 code [0x000002096d6108a0, 0x000002096d612390]
Event: 2.238 Thread 0x000002097edb0280 2163   !   3       sun.reflect.generics.factory.CoreReflectionFactory::makeNamedType (21 bytes)
Event: 2.238 Thread 0x000002097edb0280 nmethod 2163 0x000002096d612d10 code [0x000002096d612ee0, 0x000002096d613118]
Event: 2.238 Thread 0x000002097edb0280 2164       3       sun.reflect.generics.factory.CoreReflectionFactory::getDeclsLoader (85 bytes)
Event: 2.239 Thread 0x000002097edb0280 nmethod 2164 0x000002096d613290 code [0x000002096d6134e0, 0x000002096d614090]
Event: 2.239 Thread 0x000002097edb0280 2165       1       jdk.internal.org.objectweb.asm.SymbolTable::getClassName (5 bytes)
Event: 2.239 Thread 0x000002097edb0280 nmethod 2165 0x0000020974d6d390 code [0x0000020974d6d520, 0x0000020974d6d5e8]

GC Heap History (4 events):
Event: 0.745 GC heap before
{Heap before GC invocations=0 (full 0):
 garbage-first heap   total 129024K, used 12288K [0x0000000083600000, 0x0000000100000000)
  region size 1024K, 13 young (13312K), 0 survivors (0K)
 Metaspace       used 4979K, committed 5184K, reserved 1114112K
  class space    used 611K, committed 704K, reserved 1048576K
}
Event: 0.751 GC heap after
{Heap after GC invocations=1 (full 0):
 garbage-first heap   total 129024K, used 3813K [0x0000000083600000, 0x0000000100000000)
  region size 1024K, 2 young (2048K), 2 survivors (2048K)
 Metaspace       used 4979K, committed 5184K, reserved 1114112K
  class space    used 611K, committed 704K, reserved 1048576K
}
Event: 1.248 GC heap before
{Heap before GC invocations=1 (full 0):
 garbage-first heap   total 129024K, used 20197K [0x0000000083600000, 0x0000000100000000)
  region size 1024K, 18 young (18432K), 2 survivors (2048K)
 Metaspace       used 9818K, committed 9920K, reserved 1114112K
  class space    used 1126K, committed 1152K, reserved 1048576K
}
Event: 1.252 GC heap after
{Heap after GC invocations=2 (full 0):
 garbage-first heap   total 129024K, used 5649K [0x0000000083600000, 0x0000000100000000)
  region size 1024K, 2 young (2048K), 2 survivors (2048K)
 Metaspace       used 9818K, committed 9920K, reserved 1114112K
  class space    used 1126K, committed 1152K, reserved 1048576K
}

Dll operation events (6 events):
Event: 0.010 Loaded shared library C:\Program Files\Zulu\zulu-21\bin\java.dll
Event: 0.049 Loaded shared library C:\Program Files\Zulu\zulu-21\bin\jsvml.dll
Event: 0.099 Loaded shared library C:\Program Files\Zulu\zulu-21\bin\net.dll
Event: 0.101 Loaded shared library C:\Program Files\Zulu\zulu-21\bin\nio.dll
Event: 0.113 Loaded shared library C:\Program Files\Zulu\zulu-21\bin\zip.dll
Event: 0.251 Loaded shared library C:\Program Files\Zulu\zulu-21\bin\jimage.dll

Deoptimization events (20 events):
Event: 1.894 Thread 0x0000020947296d00 Uncommon trap: trap_request=0xffffff45 fr.pc=0x0000020974d11b2c relative=0x000000000000016c
Event: 1.894 Thread 0x0000020947296d00 Uncommon trap: reason=unstable_if action=reinterpret pc=0x0000020974d11b2c method=java.util.concurrent.ConcurrentHashMap.addCount(JI)V @ 34 c2
Event: 1.894 Thread 0x0000020947296d00 DEOPT PACKING pc=0x0000020974d11b2c sp=0x000000d501bfd810
Event: 1.894 Thread 0x0000020947296d00 DEOPT UNPACKING pc=0x0000020974767da2 sp=0x000000d501bfd750 mode 2
Event: 2.021 Thread 0x0000020964a43200 Uncommon trap: trap_request=0xffffff45 fr.pc=0x0000020974d58b14 relative=0x0000000000000074
Event: 2.021 Thread 0x0000020964a43200 Uncommon trap: reason=unstable_if action=reinterpret pc=0x0000020974d58b14 method=com.fasterxml.jackson.databind.introspect.AnnotationMap.get(Ljava/lang/Class;)Ljava/lang/annotation/Annotation; @ 4 c2
Event: 2.021 Thread 0x0000020964a43200 DEOPT PACKING pc=0x0000020974d58b14 sp=0x000000d5004fe4c0
Event: 2.021 Thread 0x0000020964a43200 DEOPT UNPACKING pc=0x0000020974767da2 sp=0x000000d5004fe3e8 mode 2
Event: 2.046 Thread 0x0000020964a43200 Uncommon trap: trap_request=0xffffffc6 fr.pc=0x0000020974d52d00 relative=0x0000000000000920
Event: 2.046 Thread 0x0000020964a43200 Uncommon trap: reason=bimorphic_or_optimized_type_check action=maybe_recompile pc=0x0000020974d52d00 method=java.util.HashMap.putVal(ILjava/lang/Object;Ljava/lang/Object;ZZ)Ljava/lang/Object; @ 203 c2
Event: 2.046 Thread 0x0000020964a43200 DEOPT PACKING pc=0x0000020974d52d00 sp=0x000000d5004fe350
Event: 2.046 Thread 0x0000020964a43200 DEOPT UNPACKING pc=0x0000020974767da2 sp=0x000000d5004fe278 mode 2
Event: 2.069 Thread 0x0000020964a43200 Uncommon trap: trap_request=0xffffffc6 fr.pc=0x0000020974d52cdc relative=0x00000000000008fc
Event: 2.069 Thread 0x0000020964a43200 Uncommon trap: reason=bimorphic_or_optimized_type_check action=maybe_recompile pc=0x0000020974d52cdc method=java.util.HashMap.putVal(ILjava/lang/Object;Ljava/lang/Object;ZZ)Ljava/lang/Object; @ 91 c2
Event: 2.069 Thread 0x0000020964a43200 DEOPT PACKING pc=0x0000020974d52cdc sp=0x000000d5004fe410
Event: 2.069 Thread 0x0000020964a43200 DEOPT UNPACKING pc=0x0000020974767da2 sp=0x000000d5004fe338 mode 2
Event: 2.096 Thread 0x0000020964a43200 Uncommon trap: trap_request=0xffffffc6 fr.pc=0x0000020974d52cdc relative=0x00000000000008fc
Event: 2.100 Thread 0x0000020964a43200 Uncommon trap: reason=bimorphic_or_optimized_type_check action=maybe_recompile pc=0x0000020974d52cdc method=java.util.HashMap.putVal(ILjava/lang/Object;Ljava/lang/Object;ZZ)Ljava/lang/Object; @ 91 c2
Event: 2.100 Thread 0x0000020964a43200 DEOPT PACKING pc=0x0000020974d52cdc sp=0x000000d5004fe6a0
Event: 2.100 Thread 0x0000020964a43200 DEOPT UNPACKING pc=0x0000020974767da2 sp=0x000000d5004fe5b0 mode 2

Classes loaded (20 events):
Event: 2.125 Loading class javax/xml/datatype/DatatypeFactory
Event: 2.125 Loading class javax/xml/datatype/DatatypeFactory done
Event: 2.126 Loading class javax/xml/datatype/FactoryFinder
Event: 2.126 Loading class javax/xml/datatype/FactoryFinder done
Event: 2.127 Loading class javax/xml/datatype/FactoryFinder$1
Event: 2.127 Loading class javax/xml/datatype/FactoryFinder$1 done
Event: 2.161 Loading class com/sun/org/apache/xerces/internal/jaxp/datatype/DatatypeFactoryImpl
Event: 2.186 Loading class com/sun/org/apache/xerces/internal/jaxp/datatype/DatatypeFactoryImpl done
Event: 2.187 Loading class java/util/stream/SortedOps$RefSortingSink
Event: 2.187 Loading class java/util/stream/SortedOps$RefSortingSink done
Event: 2.205 Loading class sun/reflect/generics/scope/ConstructorScope
Event: 2.206 Loading class sun/reflect/generics/scope/ConstructorScope done
Event: 2.206 Loading class sun/reflect/generics/tree/VoidDescriptor
Event: 2.206 Loading class sun/reflect/generics/tree/VoidDescriptor done
Event: 2.220 Loading class sun/nio/cs/UTF_8$Encoder
Event: 2.221 Loading class sun/nio/cs/UTF_8$Encoder done
Event: 2.238 Loading class java/lang/Character$UnicodeBlock
Event: 2.239 Loading class java/lang/Character$Subset
Event: 2.239 Loading class java/lang/Character$Subset done
Event: 2.240 Loading class java/lang/Character$UnicodeBlock done

Classes unloaded (0 events):
No events

Classes redefined (0 events):
No events

Internal exceptions (20 events):
Event: 1.830 Thread 0x0000020964a43200 Exception <a 'java/lang/NoSuchMethodError'{0x000000008a516d60}: 'java.lang.Object java.lang.invoke.DirectMethodHandle$Holder.newInvokeSpecial(java.lang.Object, java.lang.Object, java.lang.Object, java.lang.Object, java.lang.Object, java.lang.Object, java.lang.Object)'> (0x000000008a516d60) 
thrown [s\src\hotspot\share\interpreter\linkResolver.cpp, line 773]
Event: 1.831 Thread 0x0000020964a43200 Exception <a 'java/lang/NoSuchMethodError'{0x000000008a51b0e0}: 'void java.lang.invoke.DirectMethodHandle$Holder.invokeInterface(java.lang.Object, java.lang.Object, java.lang.Object)'> (0x000000008a51b0e0) 
thrown [s\src\hotspot\share\interpreter\linkResolver.cpp, line 773]
Event: 1.837 Thread 0x0000020964a43200 Exception <a 'java/lang/NoSuchMethodError'{0x000000008a5449a0}: 'java.lang.Object java.lang.invoke.DirectMethodHandle$Holder.newInvokeSpecial(java.lang.Object, java.lang.Object, java.lang.Object, java.lang.Object, java.lang.Object, java.lang.Object)'> (0x000000008a5449a0) 
thrown [s\src\hotspot\share\interpreter\linkResolver.cpp, line 773]
Event: 1.908 Thread 0x0000020964a43200 Exception <a 'java/lang/NoSuchMethodError'{0x000000008a201870}: 'java.lang.Object java.lang.invoke.DirectMethodHandle$Holder.newInvokeSpecial(java.lang.Object, java.lang.Object, java.lang.Object, java.lang.Object, java.lang.Object)'> (0x000000008a201870) 
thrown [s\src\hotspot\share\interpreter\linkResolver.cpp, line 773]
Event: 1.923 Thread 0x0000020964a43200 Exception <a 'java/lang/IncompatibleClassChangeError'{0x000000008a23b780}: Found class java.lang.Object, but interface was expected> (0x000000008a23b780) 
thrown [s\src\hotspot\share\interpreter\linkResolver.cpp, line 840]
Event: 1.924 Thread 0x0000020964a43200 Exception <a 'java/lang/NoSuchMethodError'{0x000000008a23e010}: 'void java.lang.invoke.DirectMethodHandle$Holder.invokeStatic(java.lang.Object, java.lang.Object)'> (0x000000008a23e010) 
thrown [s\src\hotspot\share\interpreter\linkResolver.cpp, line 773]
Event: 1.933 Thread 0x0000020964a43200 Exception <a 'java/lang/NoSuchMethodError'{0x000000008a26ba10}: 'void java.lang.invoke.DirectMethodHandle$Holder.invokeStatic(java.lang.Object, java.lang.Object, java.lang.Object, java.lang.Object, java.lang.Object, java.lang.Object)'> (0x000000008a26ba10) 
thrown [s\src\hotspot\share\interpreter\linkResolver.cpp, line 773]
Event: 1.944 Thread 0x0000020964a43200 Exception <a 'sun/nio/fs/WindowsException'{0x000000008a2b5688}> (0x000000008a2b5688) 
thrown [s\src\hotspot\share\prims\jni.cpp, line 520]
Event: 1.944 Thread 0x0000020964a43200 Exception <a 'sun/nio/fs/WindowsException'{0x000000008a2b5c60}> (0x000000008a2b5c60) 
thrown [s\src\hotspot\share\prims\jni.cpp, line 520]
Event: 2.001 Thread 0x0000020964a43200 Exception <a 'java/lang/NoSuchMethodError'{0x0000000089f9cac8}: 'void java.lang.invoke.DirectMethodHandle$Holder.invokeSpecial(java.lang.Object, java.lang.Object, java.lang.Object)'> (0x0000000089f9cac8) 
thrown [s\src\hotspot\share\interpreter\linkResolver.cpp, line 773]
Event: 2.008 Thread 0x0000020964a43200 Exception <a 'sun/nio/fs/WindowsException'{0x0000000089fb7230}> (0x0000000089fb7230) 
thrown [s\src\hotspot\share\prims\jni.cpp, line 520]
Event: 2.044 Thread 0x0000020964a43200 Exception <a 'sun/nio/fs/WindowsException'{0x0000000089e342d0}> (0x0000000089e342d0) 
thrown [s\src\hotspot\share\prims\jni.cpp, line 520]
Event: 2.070 Thread 0x0000020964a43200 Exception <a 'java/lang/NoSuchMethodError'{0x0000000089e74280}: 'long java.lang.invoke.DirectMethodHandle$Holder.invokeVirtual(java.lang.Object, java.lang.Object)'> (0x0000000089e74280) 
thrown [s\src\hotspot\share\interpreter\linkResolver.cpp, line 773]
Event: 2.072 Thread 0x0000020964a43200 Exception <a 'java/lang/NoSuchMethodError'{0x0000000089e78ec8}: 'long java.lang.invoke.DelegatingMethodHandle$Holder.reinvoke_L(java.lang.Object, java.lang.Object)'> (0x0000000089e78ec8) 
thrown [s\src\hotspot\share\interpreter\linkResolver.cpp, line 773]
Event: 2.086 Thread 0x0000020964a43200 Exception <a 'sun/nio/fs/WindowsException'{0x0000000089ea4bc0}> (0x0000000089ea4bc0) 
thrown [s\src\hotspot\share\prims\jni.cpp, line 520]
Event: 2.103 Thread 0x0000020964a43200 Exception <a 'sun/nio/fs/WindowsException'{0x0000000089ed8ef0}> (0x0000000089ed8ef0) 
thrown [s\src\hotspot\share\prims\jni.cpp, line 520]
Event: 2.187 Thread 0x0000020964a43200 Exception <a 'java/lang/IncompatibleClassChangeError'{0x0000000089d21738}: Found class java.lang.Object, but interface was expected> (0x0000000089d21738) 
thrown [s\src\hotspot\share\interpreter\linkResolver.cpp, line 840]
Event: 2.192 Thread 0x0000020964a43200 Exception <a 'java/lang/NoSuchMethodError'{0x0000000089d37d38}: 'java.lang.Object java.lang.invoke.DirectMethodHandle$Holder.newInvokeSpecial(java.lang.Object, java.lang.Object, java.lang.Object, java.lang.Object, java.lang.Object, int)'> (0x0000000089d37d38) 
thrown [s\src\hotspot\share\interpreter\linkResolver.cpp, line 773]
Event: 2.193 Thread 0x0000020964a43200 Exception <a 'java/lang/NoSuchMethodError'{0x0000000089d3c110}: 'java.lang.Object java.lang.invoke.DirectMethodHandle$Holder.invokeSpecial(java.lang.Object, java.lang.Object, java.lang.Object, java.lang.Object, java.lang.Object, java.lang.Object, int)'> (0x0000000089d3c110) 
thrown [s\src\hotspot\share\interpreter\linkResolver.cpp, line 773]
Event: 2.217 Thread 0x0000020964a43200 Exception <a 'java/lang/NoSuchMethodError'{0x0000000089d7b1e0}: 'int java.lang.invoke.DirectMethodHandle$Holder.invokeVirtual(java.lang.Object, java.lang.Object)'> (0x0000000089d7b1e0) 
thrown [s\src\hotspot\share\interpreter\linkResolver.cpp, line 773]

ZGC Phase Switch (0 events):
No events

VM Operations (20 events):
Event: 0.270 Executing VM operation: HandshakeAllThreads (Deoptimize)
Event: 0.270 Executing VM operation: HandshakeAllThreads (Deoptimize) done
Event: 0.352 Executing VM operation: HandshakeAllThreads (Deoptimize)
Event: 0.352 Executing VM operation: HandshakeAllThreads (Deoptimize) done
Event: 0.671 Executing VM operation: HandshakeAllThreads (Deoptimize)
Event: 0.671 Executing VM operation: HandshakeAllThreads (Deoptimize) done
Event: 0.718 Executing VM operation: HandshakeAllThreads (Deoptimize)
Event: 0.718 Executing VM operation: HandshakeAllThreads (Deoptimize) done
Event: 0.745 Executing VM operation: G1CollectForAllocation (G1 Evacuation Pause)
Event: 0.751 Executing VM operation: G1CollectForAllocation (G1 Evacuation Pause) done
Event: 1.123 Executing VM operation: HandshakeAllThreads (Deoptimize)
Event: 1.123 Executing VM operation: HandshakeAllThreads (Deoptimize) done
Event: 1.239 Executing VM operation: HandshakeAllThreads (Deoptimize)
Event: 1.239 Executing VM operation: HandshakeAllThreads (Deoptimize) done
Event: 1.248 Executing VM operation: G1CollectForAllocation (G1 Evacuation Pause)
Event: 1.252 Executing VM operation: G1CollectForAllocation (G1 Evacuation Pause) done
Event: 1.468 Executing VM operation: HandshakeAllThreads (Deoptimize)
Event: 1.468 Executing VM operation: HandshakeAllThreads (Deoptimize) done
Event: 1.879 Executing VM operation: ICBufferFull
Event: 1.879 Executing VM operation: ICBufferFull done

Events (18 events):
Event: 0.029 Thread 0x0000020964a43200 Thread added: 0x0000020964a43200
Event: 0.046 Thread 0x000002097ed9dc40 Thread added: 0x000002097ed9dc40
Event: 0.046 Thread 0x000002097ed9ee00 Thread added: 0x000002097ed9ee00
Event: 0.046 Thread 0x000002097eda1b70 Thread added: 0x000002097eda1b70
Event: 0.046 Thread 0x000002097eda5da0 Thread added: 0x000002097eda5da0
Event: 0.046 Thread 0x000002097eda6410 Thread added: 0x000002097eda6410
Event: 0.046 Thread 0x000002097eda71e0 Thread added: 0x000002097eda71e0
Event: 0.046 Thread 0x000002097edacbb0 Thread added: 0x000002097edacbb0
Event: 0.047 Thread 0x000002097edb0280 Thread added: 0x000002097edb0280
Event: 0.091 Thread 0x000002097f007b10 Thread added: 0x000002097f007b10
Event: 0.094 Thread 0x000002097f00e710 Thread added: 0x000002097f00e710
Event: 0.314 Thread 0x000002097f3af620 Thread added: 0x000002097f3af620
Event: 1.093 Thread 0x000002097f3af620 Thread exited: 0x000002097f3af620
Event: 1.754 Thread 0x0000020947186710 Thread added: 0x0000020947186710
Event: 1.834 Thread 0x0000020947296690 Thread added: 0x0000020947296690
Event: 1.834 Thread 0x0000020947296d00 Thread added: 0x0000020947296d00
Event: 1.834 Thread 0x0000020947272c70 Thread added: 0x0000020947272c70
Event: 2.036 Thread 0x0000020947186710 Thread exited: 0x0000020947186710


Dynamic libraries:
0x00007ff631d20000 - 0x00007ff631d2e000 	C:\Program Files\Zulu\zulu-21\bin\java.exe
0x00007ff899130000 - 0x00007ff899328000 	C:\Windows\SYSTEM32\ntdll.dll
0x00007ff898310000 - 0x00007ff8983d1000 	C:\Windows\System32\KERNEL32.DLL
0x00007ff896b20000 - 0x00007ff896e16000 	C:\Windows\System32\KERNELBASE.dll
0x00007ff896e20000 - 0x00007ff896f20000 	C:\Windows\System32\ucrtbase.dll
0x00007ff88c270000 - 0x00007ff88c28b000 	C:\Program Files\Zulu\zulu-21\bin\VCRUNTIME140.dll
0x00007ff88c1a0000 - 0x00007ff88c1b9000 	C:\Program Files\Zulu\zulu-21\bin\jli.dll
0x00007ff898cd0000 - 0x00007ff898e6f000 	C:\Windows\System32\USER32.dll
0x00007ff8967e0000 - 0x00007ff896802000 	C:\Windows\System32\win32u.dll
0x00007ff8982e0000 - 0x00007ff89830b000 	C:\Windows\System32\GDI32.dll
0x00007ff87c860000 - 0x00007ff87cafa000 	C:\Windows\WinSxS\amd64_microsoft.windows.common-controls_6595b64144ccf1df_6.0.19041.4355_none_60b8b9eb71f62e16\COMCTL32.dll
0x00007ff896fd0000 - 0x00007ff8970e7000 	C:\Windows\System32\gdi32full.dll
0x00007ff897250000 - 0x00007ff8972ee000 	C:\Windows\System32\msvcrt.dll
0x00007ff8968d0000 - 0x00007ff89696d000 	C:\Windows\System32\msvcp_win.dll
0x00007ff8972f0000 - 0x00007ff89731f000 	C:\Windows\System32\IMM32.DLL
0x00007ff88c190000 - 0x00007ff88c19c000 	C:\Program Files\Zulu\zulu-21\bin\vcruntime140_1.dll
0x00007ff85e7a0000 - 0x00007ff85e82e000 	C:\Program Files\Zulu\zulu-21\bin\msvcp140.dll
0x00007ff84a920000 - 0x00007ff84b6b4000 	C:\Program Files\Zulu\zulu-21\bin\server\jvm.dll
0x00007ff898c20000 - 0x00007ff898cd0000 	C:\Windows\System32\ADVAPI32.dll
0x00007ff898450000 - 0x00007ff8984f0000 	C:\Windows\System32\sechost.dll
0x00007ff898050000 - 0x00007ff898173000 	C:\Windows\System32\RPCRT4.dll
0x00007ff8968a0000 - 0x00007ff8968c7000 	C:\Windows\System32\bcrypt.dll
0x00007ff8983e0000 - 0x00007ff89844b000 	C:\Windows\System32\WS2_32.dll
0x00007ff87cb00000 - 0x00007ff87cb27000 	C:\Windows\SYSTEM32\WINMM.dll
0x00007ff895d60000 - 0x00007ff895dab000 	C:\Windows\SYSTEM32\POWRPROF.dll
0x00007ff88b030000 - 0x00007ff88b03a000 	C:\Windows\SYSTEM32\VERSION.dll
0x00007ff895bd0000 - 0x00007ff895be2000 	C:\Windows\SYSTEM32\UMPDC.dll
0x00007ff894ff0000 - 0x00007ff895002000 	C:\Windows\SYSTEM32\kernel.appcore.dll
0x00007ff88c180000 - 0x00007ff88c18a000 	C:\Program Files\Zulu\zulu-21\bin\jimage.dll
0x00007ff8943c0000 - 0x00007ff8945a4000 	C:\Windows\SYSTEM32\DBGHELP.DLL
0x00007ff883350000 - 0x00007ff883384000 	C:\Windows\SYSTEM32\dbgcore.DLL
0x00007ff896810000 - 0x00007ff896892000 	C:\Windows\System32\bcryptPrimitives.dll
0x00007ff88c160000 - 0x00007ff88c17f000 	C:\Program Files\Zulu\zulu-21\bin\java.dll
0x00007ff897320000 - 0x00007ff897a8c000 	C:\Windows\System32\SHELL32.dll
0x00007ff894840000 - 0x00007ff894fde000 	C:\Windows\SYSTEM32\windows.storage.dll
0x00007ff897a90000 - 0x00007ff897de3000 	C:\Windows\System32\combase.dll
0x00007ff896200000 - 0x00007ff89622e000 	C:\Windows\SYSTEM32\Wldp.dll
0x00007ff899020000 - 0x00007ff8990ed000 	C:\Windows\System32\OLEAUT32.dll
0x00007ff897df0000 - 0x00007ff897e9d000 	C:\Windows\System32\SHCORE.dll
0x00007ff897ea0000 - 0x00007ff897ef5000 	C:\Windows\System32\shlwapi.dll
0x00007ff896710000 - 0x00007ff896734000 	C:\Windows\SYSTEM32\profapi.dll
0x00007ff85e1a0000 - 0x00007ff85e277000 	C:\Program Files\Zulu\zulu-21\bin\jsvml.dll
0x00007ff88c150000 - 0x00007ff88c160000 	C:\Program Files\Zulu\zulu-21\bin\net.dll
0x00007ff88e680000 - 0x00007ff88e78a000 	C:\Windows\SYSTEM32\WINHTTP.dll
0x00007ff895f60000 - 0x00007ff895fca000 	C:\Windows\system32\mswsock.dll
0x00007ff88c130000 - 0x00007ff88c146000 	C:\Program Files\Zulu\zulu-21\bin\nio.dll
0x00007ff883f20000 - 0x00007ff883f38000 	C:\Program Files\Zulu\zulu-21\bin\zip.dll
0x00007ff896150000 - 0x00007ff896168000 	C:\Windows\SYSTEM32\CRYPTSP.dll
0x00007ff895810000 - 0x00007ff895844000 	C:\Windows\system32\rsaenh.dll
0x00007ff896680000 - 0x00007ff8966ae000 	C:\Windows\SYSTEM32\USERENV.dll
0x00007ff896170000 - 0x00007ff89617c000 	C:\Windows\SYSTEM32\CRYPTBASE.dll
0x00007ff895bf0000 - 0x00007ff895c2b000 	C:\Windows\SYSTEM32\IPHLPAPI.DLL
0x00007ff8982d0000 - 0x00007ff8982d8000 	C:\Windows\System32\NSI.dll

dbghelp: loaded successfully - version: 4.0.5 - missing functions: none
symbol engine: initialized successfully - sym options: 0x614 - pdb path: .;C:\Program Files\Zulu\zulu-21\bin;C:\Windows\SYSTEM32;C:\Windows\WinSxS\amd64_microsoft.windows.common-controls_6595b64144ccf1df_6.0.19041.4355_none_60b8b9eb71f62e16;C:\Program Files\Zulu\zulu-21\bin\server

VM Arguments:
java_command: io.qameta.allure.CommandLine generate allure-results --clean
java_class_path (initial): C:\Users\MURVI\TestingCapitalComWIO\node_modules\allure-commandline\dist\lib\allure-commandline-2.29.0.jar;C:\Users\MURVI\TestingCapitalComWIO\node_modules\allure-commandline\dist\lib\allure-generator-2.29.0.jar;C:\Users\MURVI\TestingCapitalComWIO\node_modules\allure-commandline\dist\lib\allure-model-2.27.0.jar;C:\Users\MURVI\TestingCapitalComWIO\node_modules\allure-commandline\dist\lib\allure-plugin-api-2.29.0.jar;C:\Users\MURVI\TestingCapitalComWIO\node_modules\allure-commandline\dist\lib\allure1-model-1.0.jar;C:\Users\MURVI\TestingCapitalComWIO\node_modules\allure-commandline\dist\lib\annotations-15.0.jar;C:\Users\MURVI\TestingCapitalComWIO\node_modules\allure-commandline\dist\lib\byte-buddy-1.14.9.jar;C:\Users\MURVI\TestingCapitalComWIO\node_modules\allure-commandline\dist\lib\commons-beanutils-1.9.4.jar;C:\Users\MURVI\TestingCapitalComWIO\node_modules\allure-commandline\dist\lib\commons-codec-1.11.jar;C:\Users\MURVI\TestingCapitalComWIO\node_modules\allure-commandline\dist\lib\commons-collections-3.2.2.jar;C:\Users\MURVI\TestingCapitalComWIO\node_modules\allure-commandline\dist\lib\commons-collections4-4.4.jar;C:\Users\MURVI\TestingCapitalComWIO\node_modules\allure-commandline\dist\lib\commons-io-2.16.1.jar;C:\Users\MURVI\TestingCapitalComWIO\node_modules\allure-commandline\dist\lib\commons-lang3-3.14.0.jar;C:\Users\MURVI\TestingCapitalComWIO\node_modules\allure-commandline\dist\lib\commons-logging-1.2.jar;C:\Users\MURVI\TestingCapitalComWIO\node_modules\allure-commandline\dist\lib\commons-text-1.3.jar;C:\Users\MURVI\TestingCapitalComWIO\node_modules\allure-commandline\dist\lib\flexmark-0.62.2.jar;C:\Users\MURVI\TestingCapitalComWIO\node_modules\allure-commandline\dist\lib\flexmark-ext-tables-0.62.2.jar;C:\Users\MURVI\TestingCapitalComWIO\node_modules\allure-commandline\dist\lib\flexmark-util-0.62.2.jar;C:\Users\MURVI\TestingCapitalComWIO\node_modules\allure-commandline\dist\lib\flexmark-util-ast-0.62.2.jar;C:\Users\MURVI\TestingCapitalComWIO\node_modules\allure-commandline\dist\lib\flexmark-util-builder-0.62.2.jar;C:\Users\MURVI\TestingCapitalComWIO\node_modules\allure-commandline\dist\lib\flexmark-util-collection-0.62.2.jar;C:\Users\MURVI\TestingCapitalComWIO\node_modules\allure-commandline\dist\lib\flexmark-util-data-0.62.2.jar;C:\Users\MURVI\TestingCapitalComWIO\node_modules\allure-commandline\dist\lib\flexmark-util-dependency-0.62.2.jar;C:\Users\MURVI\TestingCapitalComWIO\node_modules\allure-commandline\dist\lib\flexmark-util-format-0.62.2.jar;C:\Users\MURVI\TestingCapitalComWIO\node_modules\allure-commandline\dist\lib\flexmark-util-html-0.62.2.jar;C:\Users\MURVI\TestingCapitalComWIO\node_modules\allure-commandline\dist\lib\flexmark-util-misc-0.62.2.jar;C:\Users\MURVI\TestingCapitalComWIO\node_modules\allure-commandline\dist\lib\flexmark-util-options-0.62.2.jar;C:\Users\MURVI\TestingCapitalComWIO\node_modules\allure-commandline\dist\lib\flexmark-util-sequence-0.62.2.jar;C:\Users\MURVI\TestingCapitalComWIO\node_modules\allure-commandline\dist\lib\flexmark-util-visitor-0.62.2.jar;C:\Users\MURVI\TestingCapitalComWIO\node_modules\allure-commandline\dist\lib\freemarker-2.3.32.jar;C:\Users\MURVI\TestingCapitalComWIO\node_modules\allure-commandline\dist\lib\httpclient-4.5.14.jar;C:\Users\MURVI\TestingCapitalComWIO\node_modules\allure-commandline\dist\lib\httpcore-4.4.16.jar;C:\Users\MURVI\TestingCapitalComWIO\node_modules\allure-commandline\dist\lib\jackson-annotations-2.17.0.jar;C:\Users\MURVI\TestingCapitalComWIO\node_modules\allure-commandline\dist\lib\jackson-core-2.17.0.jar;C:\Users\MURVI\TestingCapitalComWIO\node_modules\allure-commandline\dist\lib\jackson-databind-2.17.0.jar;C:\Users\MURVI\TestingCapitalComWIO\node_modules\allure-commandline\dist\lib\jackson-dataformat-xml-2.17.0.jar;C:\Users\MURVI\TestingCapitalComWIO\node_modules\allure-commandline\dist\lib\jackson-dataformat-yaml-2.17.0.jar;C:\Users\MURVI\TestingCapitalComWIO\node_modules\allure-commandline\dist\lib\jackson-module-jaxb-annotations-2.17.0.jar;C:\Users\MURVI\TestingCapitalComWIO\node_modules\allure-commandline\dist\lib\jakarta.activation-api-1.2.2.jar;C:\Users\MURVI\TestingCapitalComWIO\node_modules\allure-commandline\dist\lib\jakarta.xml.bind-api-2.3.3.jar;C:\Users\MURVI\TestingCapitalComWIO\node_modules\allure-commandline\dist\lib\javax.activation-api-1.2.0.jar;C:\Users\MURVI\TestingCapitalComWIO\node_modules\allure-commandline\dist\lib\javax.servlet-api-3.1.0.jar;C:\Users\MURVI\TestingCapitalComWIO\node_modules\allure-commandline\dist\lib\jaxb-api-2.3.1.jar;C:\Users\MURVI\TestingCapitalComWIO\node_modules\allure-commandline\dist\lib\jaxb-utils-1.0.jar;C:\Users\MURVI\TestingCapitalComWIO\node_modules\allure-commandline\dist\lib\jcommander-1.82.jar;C:\Users\MURVI\TestingCapitalComWIO\node_modules\allure-commandline\dist\lib\jetty-http-9.4.53.v20231009.jar;C:\Users\MURVI\TestingCapitalComWIO\node_modules\allure-commandline\dist\lib\jetty-io-9.4.53.v20231009.jar;C:\Users\MURVI\TestingCapitalComWIO\node_modules\allure-commandline\dist\lib\jetty-server-9.4.53.v20231009.jar;C:\Users\MURVI\TestingCapitalComWIO\node_modules\allure-commandline\dist\lib\jetty-util-9.4.53.v20231009.jar;C:\Users\MURVI\TestingCapitalComWIO\node_modules\allure-commandline\dist\lib\logback-classic-1.3.14.jar;C:\Users\MURVI\TestingCapitalComWIO\node_modules\allure-commandline\dist\lib\logback-core-1.3.14.jar;C:\Users\MURVI\TestingCapitalComWIO\node_modules\allure-commandline\dist\lib\opencsv-4.6.jar;C:\Users\MURVI\TestingCapitalComWIO\node_modules\allure-commandline\dist\lib\properties-2.0.RC5.jar;C:\Users\MURVI\TestingCapitalComWIO\node_modules\allure-commandline\dist\lib\slf4j-api-2.0.13.jar;C:\Users\MURVI\TestingCapitalComWIO\node_modules\allure-commandline\dist\lib\snakeyaml-2.2.jar;C:\Users\MURVI\TestingCapitalComWIO\node_modules\allure-commandline\dist\lib\stax2-api-4.2.2.jar;C:\Users\MURVI\TestingCapitalComWIO\node_modules\allure-commandline\dist\lib\tika-core-2.9.2.jar;C:\Users\MURVI\TestingCapitalComWIO\node_modules\allure-commandline\dist\lib\woodstox-core-6.6.1.jar;C:\Users\MURVI\TestingCapitalComWIO\node_modules\allure-commandline\dist\lib\config
Launcher Type: SUN_STANDARD

[Global flags]
     intx CICompilerCount                          = 3                                         {product} {ergonomic}
     uint ConcGCThreads                            = 1                                         {product} {ergonomic}
     uint G1ConcRefinementThreads                  = 4                                         {product} {ergonomic}
   size_t G1HeapRegionSize                         = 1048576                                   {product} {ergonomic}
    uintx GCDrainStackTargetSize                   = 64                                        {product} {ergonomic}
   size_t InitialHeapSize                          = 132120576                                 {product} {ergonomic}
   size_t MarkStackSize                            = 4194304                                   {product} {ergonomic}
   size_t MaxHeapSize                              = 2090860544                                {product} {ergonomic}
   size_t MaxNewSize                               = 1254096896                                {product} {ergonomic}
   size_t MinHeapDeltaBytes                        = 1048576                                   {product} {ergonomic}
   size_t MinHeapSize                              = 8388608                                   {product} {ergonomic}
    uintx NonNMethodCodeHeapSize                   = 5832780                                {pd product} {ergonomic}
    uintx NonProfiledCodeHeapSize                  = 122912730                              {pd product} {ergonomic}
    uintx ProfiledCodeHeapSize                     = 122912730                              {pd product} {ergonomic}
    uintx ReservedCodeCacheSize                    = 251658240                              {pd product} {ergonomic}
     bool SegmentedCodeCache                       = true                                      {product} {ergonomic}
   size_t SoftMaxHeapSize                          = 2090860544                             {manageable} {ergonomic}
     bool UseCompressedOops                        = true                           {product lp64_product} {ergonomic}
     bool UseG1GC                                  = true                                      {product} {ergonomic}
     bool UseLargePagesIndividualAllocation        = false                                  {pd product} {ergonomic}

Logging:
Log output configuration:
 #0: stdout all=warning uptime,level,tags foldmultilines=false
 #1: stderr all=off uptime,level,tags foldmultilines=false

Environment Variables:
CLASSPATH=C:\Users\MURVI\TestingCapitalComWIO\node_modules\allure-commandline\dist\lib\*;C:\Users\MURVI\TestingCapitalComWIO\node_modules\allure-commandline\dist\lib\config
PATH=C:\Users\MURVI\TestingCapitalComWIO\node_modules\.bin;C:\Users\MURVI\node_modules\.bin;C:\Users\node_modules\.bin;C:\node_modules\.bin;C:\Users\MURVI\AppData\Roaming\npm\node_modules\npm\node_modules\@npmcli\run-script\lib\node-gyp-bin;C:\Program Files\Zulu\zulu-21\bin\;C:\Python312\Scripts\;C:\Python312\;C:\ProgramData\Oracle\Java\javapath;C:\Windows\system32;C:\Windows;C:\Windows\System32\Wbem;C:\Windows\System32\WindowsPowerShell\v1.0\;C:\Windows\System32\OpenSSH\;C:\Program Files\Git\cmd;C:\Program Files\nodejs\;C:\ProgramData\chocolatey\bin;C:\Users\MURVI\AppData\Local\Microsoft\WindowsApps;C:\Users\MURVI\AppData\Local\Programs\Microsoft VS Code\bin;C:\Users\MURVI\AppData\Roaming\npm
USERNAME=MURVI
LANG=en_US.UTF-8
OS=Windows_NT
PROCESSOR_IDENTIFIER=Intel64 Family 6 Model 140 Stepping 1, GenuineIntel
TMP=C:\Users\MURVI\AppData\Local\Temp
TEMP=C:\Users\MURVI\AppData\Local\Temp




Periodic native trim disabled

---------------  S Y S T E M  ---------------

OS:
 Windows 10 , 64 bit Build 19041 (10.0.19041.4597)
OS uptime: 0 days 4:41 hours

CPU: total 4 (initial active 4) (2 cores per cpu, 2 threads per core) family 6 model 140 stepping 1 microcode 0x8a, cx8, cmov, fxsr, ht, mmx, 3dnowpref, sse, sse2, sse3, ssse3, sse4.1, sse4.2, popcnt, lzcnt, tsc, tscinvbit, avx, avx2, aes, erms, clmul, bmi1, bmi2, adx, avx512f, avx512dq, avx512cd, avx512bw, avx512vl, sha, fma, vzeroupper, avx512_vpopcntdq, avx512_vpclmulqdq, avx512_vaes, avx512_vnni, clflush, clflushopt, clwb, avx512_vbmi2, avx512_vbmi, rdtscp, rdpid, fsrm, gfni, avx512_bitalg, f16c, pku, cet_ibt, cet_ss, avx512_ifma
Processor Information for all 4 processors :
  Max Mhz: 2995, Current Mhz: 2995, Mhz Limit: 2995

Memory: 4k page, system-wide physical 7971M (687M free)
TotalPageFile size 9987M (AvailPageFile size 3M)
current process WorkingSet (physical memory assigned to process): 100M, peak: 100M
current process commit charge ("private bytes"): 232M, peak: 232M

vm_info: OpenJDK 64-Bit Server VM (21.0.3+9-LTS) for windows-amd64 JRE (21.0.3+9-LTS) (Zulu21.34+19-CA), built on 2024-04-09T07:26:03Z by "zulu_re" with MS VC++ 17.1 (VS2022)

END.
